# JRE version: OpenJDK Runtime Environment (17.0.6) (build 17.0.6+0-b2043.56-10027231)
# Java VM: OpenJDK 64-Bit Server VM (17.0.6+0-b2043.56-10027231, mixed mode, tiered, compressed oops, compressed class ptrs, g1 gc, windows-amd64)
GC Precious Log:
 CPUs: 8 total, 8 available
 Memory: 7103M
 Large Page Support: Disabled
 NUMA Support: Disabled
 Compressed Oops: Enabled (32-bit)
 Heap Region Size: 1M
 Heap Min Capacity: 8M
 Heap Initial Capacity: 112M
 Heap Max Capacity: 2G
 Pre-touch: Disabled
 Parallel Workers: 8
 Concurrent Workers: 2
 Concurrent Refinement Workers: 8
 Periodic GC: Disabled
Heap:
 garbage-first heap   total 82944K, used 47896K [0x0000000080000000, 0x0000000100000000)
  region size 1024K, 4 young (4096K), 1 survivors (1024K)
 Metaspace       used 30126K, committed 30464K, reserved 1081344K
  class space    used 4095K, committed 4224K, reserved 1048576K
GC Heap History (14 events):
Event: 0.827 GC heap before
{Heap before GC invocations=0 (full 0):
 garbage-first heap   total 114688K, used 26624K [0x0000000080000000, 0x0000000100000000)
  region size 1024K, 23 young (23552K), 0 survivors (0K)
 Metaspace       used 10461K, committed 10688K, reserved 1064960K
  class space    used 1088K, committed 1216K, reserved 1048576K
}
Event: 0.835 GC heap after
{Heap after GC invocations=1 (full 0):
 garbage-first heap   total 114688K, used 10436K [0x0000000080000000, 0x0000000100000000)
  region size 1024K, 3 young (3072K), 3 survivors (3072K)
 Metaspace       used 10461K, committed 10688K, reserved 1064960K
  class space    used 1088K, committed 1216K, reserved 1048576K
}
Event: 1.280 GC heap before
{Heap before GC invocations=1 (full 0):
 garbage-first heap   total 114688K, used 36036K [0x0000000080000000, 0x0000000100000000)
  region size 1024K, 29 young (29696K), 3 survivors (3072K)
 Metaspace       used 11425K, committed 11648K, reserved 1064960K
  class space    used 1193K, committed 1280K, reserved 1048576K
}
Event: 1.285 GC heap after
{Heap after GC invocations=2 (full 0):
 garbage-first heap   total 114688K, used 12045K [0x0000000080000000, 0x0000000100000000)
  region size 1024K, 2 young (2048K), 2 survivors (2048K)
 Metaspace       used 11425K, committed 11648K, reserved 1064960K
  class space    used 1193K, committed 1280K, reserved 1048576K
}
Event: 2.585 GC heap before
{Heap before GC invocations=2 (full 0):
 garbage-first heap   total 114688K, used 58125K [0x0000000080000000, 0x0000000100000000)
  region size 1024K, 47 young (48128K), 2 survivors (2048K)
 Metaspace       used 21302K, committed 21504K, reserved 1073152K
  class space    used 2560K, committed 2688K, reserved 1048576K
}
Event: 2.594 GC heap after
{Heap after GC invocations=3 (full 0):
 garbage-first heap   total 114688K, used 18675K [0x0000000080000000, 0x0000000100000000)
  region size 1024K, 8 young (8192K), 8 survivors (8192K)
 Metaspace       used 21302K, committed 21504K, reserved 1073152K
  class space    used 2560K, committed 2688K, reserved 1048576K
}
Event: 3.310 GC heap before
{Heap before GC invocations=4 (full 0):
 garbage-first heap   total 68608K, used 51443K [0x0000000080000000, 0x0000000100000000)
  region size 1024K, 40 young (40960K), 8 survivors (8192K)
 Metaspace       used 25893K, committed 26176K, reserved 1073152K
  class space    used 3372K, committed 3520K, reserved 1048576K
}
Event: 3.318 GC heap after
{Heap after GC invocations=5 (full 0):
 garbage-first heap   total 68608K, used 20768K [0x0000000080000000, 0x0000000100000000)
  region size 1024K, 3 young (3072K), 3 survivors (3072K)
 Metaspace       used 25893K, committed 26176K, reserved 1073152K
  class space    used 3372K, committed 3520K, reserved 1048576K
}
Event: 5.962 GC heap before
{Heap before GC invocations=5 (full 0):
 garbage-first heap   total 68608K, used 52512K [0x0000000080000000, 0x0000000100000000)
  region size 1024K, 30 young (30720K), 3 survivors (3072K)
 Metaspace       used 29816K, committed 30144K, reserved 1081344K
  class space    used 4041K, committed 4160K, reserved 1048576K
}
Event: 5.967 GC heap after
{Heap after GC invocations=6 (full 0):
 garbage-first heap   total 68608K, used 27524K [0x0000000080000000, 0x0000000100000000)
  region size 1024K, 4 young (4096K), 4 survivors (4096K)
 Metaspace       used 29816K, committed 30144K, reserved 1081344K
  class space    used 4041K, committed 4160K, reserved 1048576K
}
Event: 6.086 GC heap before
{Heap before GC invocations=6 (full 0):
 garbage-first heap   total 68608K, used 32644K [0x0000000080000000, 0x0000000100000000)
  region size 1024K, 8 young (8192K), 4 survivors (4096K)
 Metaspace       used 29997K, committed 30336K, reserved 1081344K
  class space    used 4074K, committed 4224K, reserved 1048576K
}
Event: 6.090 GC heap after
{Heap after GC invocations=7 (full 0):
 garbage-first heap   total 68608K, used 32428K [0x0000000080000000, 0x0000000100000000)
  region size 1024K, 4 young (4096K), 4 survivors (4096K)
 Metaspace       used 29997K, committed 30336K, reserved 1081344K
  class space    used 4074K, committed 4224K, reserved 1048576K
}
Event: 6.188 GC heap before
{Heap before GC invocations=7 (full 0):
 garbage-first heap   total 68608K, used 44716K [0x0000000080000000, 0x0000000100000000)
  region size 1024K, 5 young (5120K), 4 survivors (4096K)
 Metaspace       used 29999K, committed 30336K, reserved 1081344K
  class space    used 4074K, committed 4224K, reserved 1048576K
}
Event: 6.191 GC heap after
{Heap after GC invocations=8 (full 0):
 garbage-first heap   total 82944K, used 44824K [0x0000000080000000, 0x0000000100000000)
  region size 1024K, 1 young (1024K), 1 survivors (1024K)
 Metaspace       used 29999K, committed 30336K, reserved 1081344K
  class space    used 4074K, committed 4224K, reserved 1048576K
}

